[1206/122336.485:WARNING:angle_platform_impl.cc(48)] HLSLCompiler.cpp:257 (compileToBinary): 
C:\fakepath(102,1-6): warning X4000: use of potentially uninitialized variable (dyn_index_vec4_float4)

[1206/122336.608:WARNING:angle_platform_impl.cc(48)] HLSLCompiler.cpp:257 (compileToBinary): 
C:\fakepath(135,1): warning X4000: use of potentially uninitialized variable (f_i)
C:\fakepath(137,1): warning X4000: use of potentially uninitialized variable (f_i)
C:\fakepath(173,1): warning X4000: use of potentially uninitialized variable (f_u)

[1206/122337.883:WARNING:angle_platform_impl.cc(48)] HLSLCompiler.cpp:257 (compileToBinary): 
C:\fakepath(165,1): warning X4000: use of potentially uninitialized variable (f_renderMipMapLevel)

[1206/122337.889:WARNING:angle_platform_impl.cc(48)] HLSLCompiler.cpp:257 (compileToBinary): 
C:\fakepath(165,1): warning X4000: use of potentially uninitialized variable (f_renderMipMapLevel)

[1206/122337.895:WARNING:angle_platform_impl.cc(48)] HLSLCompiler.cpp:257 (compileToBinary): 
C:\fakepath(165,1): warning X4000: use of potentially uninitialized variable (f_renderMipMapLevel)

[1206/122347.844:WARNING:angle_platform_impl.cc(48)] HLSLCompiler.cpp:257 (compileToBinary): 
C:\fakepath(91,1-6): warning X4000: use of potentially uninitialized variable (dyn_index_mat4x4)
C:\fakepath(69,1-6): warning X4000: use of potentially uninitialized variable (dyn_index_vec4_float4)

[1206/122347.894:WARNING:angle_platform_impl.cc(48)] HLSLCompiler.cpp:257 (compileToBinary): 
C:\fakepath(165,1): warning X4000: use of potentially uninitialized variable (f_renderMipMapLevel)

[1206/122347.943:WARNING:angle_platform_impl.cc(48)] HLSLCompiler.cpp:257 (compileToBinary): 
C:\fakepath(127,1-6): warning X4000: use of potentially uninitialized variable (dyn_index_mat4x4)
C:\fakepath(105,1-6): warning X4000: use of potentially uninitialized variable (dyn_index_vec4_float4)
C:\fakepath(127,1-6): warning X4000: use of potentially uninitialized variable (dyn_index_mat4x4)
C:\fakepath(105,1-6): warning X4000: use of potentially uninitialized variable (dyn_index_vec4_float4)
C:\fakepath(127,1-6): warning X4000: use of potentially uninitialized variable (dyn_index_mat4x4)
C:\fakepath(105,1-6): warning X4000: use of potentially uninitialized variable (dyn_index_vec4_float4)

[1206/122348.078:WARNING:angle_platform_impl.cc(48)] HLSLCompiler.cpp:257 (compileToBinary): 
C:\fakepath(946,1-6): warning X4000: use of potentially uninitialized variable (dyn_index_mat4x4)
C:\fakepath(924,1-6): warning X4000: use of potentially uninitialized variable (dyn_index_vec4_float4)
C:\fakepath(946,1-6): warning X4000: use of potentially uninitialized variable (dyn_index_mat4x4)
C:\fakepath(924,1-6): warning X4000: use of potentially uninitialized variable (dyn_index_vec4_float4)
C:\fakepath(946,1-6): warning X4000: use of potentially uninitialized variable (dyn_index_mat4x4)
C:\fakepath(924,1-6): warning X4000: use of potentially uninitialized variable (dyn_index_vec4_float4)

[1206/122348.440:WARNING:angle_platform_impl.cc(48)] HLSLCompiler.cpp:257 (compileToBinary): 
C:\fakepath(946,1-6): warning X4000: use of potentially uninitialized variable (dyn_index_mat4x4)
C:\fakepath(924,1-6): warning X4000: use of potentially uninitialized variable (dyn_index_vec4_float4)
C:\fakepath(946,1-6): warning X4000: use of potentially uninitialized variable (dyn_index_mat4x4)
C:\fakepath(924,1-6): warning X4000: use of potentially uninitialized variable (dyn_index_vec4_float4)
C:\fakepath(946,1-6): warning X4000: use of potentially uninitialized variable (dyn_index_mat4x4)
C:\fakepath(924,1-6): warning X4000: use of potentially uninitialized variable (dyn_index_vec4_float4)

[1206/122348.823:WARNING:angle_platform_impl.cc(48)] HLSLCompiler.cpp:257 (compileToBinary): 
C:\fakepath(178,1-6): warning X4000: use of potentially uninitialized variable (dyn_index_mat4x4)
C:\fakepath(156,1-6): warning X4000: use of potentially uninitialized variable (dyn_index_vec4_float4)
C:\fakepath(178,1-6): warning X4000: use of potentially uninitialized variable (dyn_index_mat4x4)
C:\fakepath(156,1-6): warning X4000: use of potentially uninitialized variable (dyn_index_vec4_float4)

[1206/122416.843:WARNING:angle_platform_impl.cc(48)] HLSLCompiler.cpp:257 (compileToBinary): 
C:\fakepath(102,1-6): warning X4000: use of potentially uninitialized variable (dyn_index_vec4_float4)

[1206/122416.937:WARNING:angle_platform_impl.cc(48)] HLSLCompiler.cpp:257 (compileToBinary): 
C:\fakepath(135,1): warning X4000: use of potentially uninitialized variable (f_i)
C:\fakepath(137,1): warning X4000: use of potentially uninitialized variable (f_i)
C:\fakepath(173,1): warning X4000: use of potentially uninitialized variable (f_u)

[1206/122417.188:WARNING:angle_platform_impl.cc(48)] HLSLCompiler.cpp:257 (compileToBinary): 
C:\fakepath(165,1): warning X4000: use of potentially uninitialized variable (f_renderMipMapLevel)

[1206/122417.190:WARNING:angle_platform_impl.cc(48)] HLSLCompiler.cpp:257 (compileToBinary): 
C:\fakepath(165,1): warning X4000: use of potentially uninitialized variable (f_renderMipMapLevel)

[1206/122417.193:WARNING:angle_platform_impl.cc(48)] HLSLCompiler.cpp:257 (compileToBinary): 
C:\fakepath(165,1): warning X4000: use of potentially uninitialized variable (f_renderMipMapLevel)

[1206/122417.281:WARNING:angle_platform_impl.cc(48)] HLSLCompiler.cpp:257 (compileToBinary): 
C:\fakepath(381,10-38): warning X4008: floating point division by zero
C:\fakepath(381,10-38): warning X4008: floating point division by zero

[1206/122417.501:ERROR:gl_utils.cc(314)] [.WebGL-000002AD6DFB4980] GL_INVALID_OPERATION: Two textures of different types use the same sampler location.
[1206/122417.580:ERROR:gl_utils.cc(314)] [.WebGL-000002AD6DFB4980] GL_INVALID_OPERATION: Two textures of different types use the same sampler location.
[1206/122446.718:ERROR:gpu_init.cc(426)] Passthrough is not supported, GL is disabled
